2017-08-24 23:20:46,513 ERROR [105@MessageListener for ConfigMaterialUpdater] YamlConfigPlugin:77 - Unexpected error occurred in YAML configuration plugin.
java.lang.NullPointerException
	at cd.go.plugin.config.yaml.transforms.RootTransform.transform(RootTransform.java:31)
	at cd.go.plugin.config.yaml.YamlFileParser.parseFiles(YamlFileParser.java:30)
	at cd.go.plugin.config.yaml.YamlConfigPlugin.handleParseDirectoryRequest(YamlConfigPlugin.java:107)
	at cd.go.plugin.config.yaml.YamlConfigPlugin.handle(YamlConfigPlugin.java:70)
	at com.thoughtworks.go.plugin.infra.DefaultPluginManager$2.execute(DefaultPluginManager.java:166)
	at com.thoughtworks.go.plugin.infra.DefaultPluginManager$2.execute(DefaultPluginManager.java:161)
	at com.thoughtworks.go.plugin.infra.FelixGoPluginOSGiFramework.executeActionOnTheService(FelixGoPluginOSGiFramework.java:315)
	at com.thoughtworks.go.plugin.infra.FelixGoPluginOSGiFramework.doOn(FelixGoPluginOSGiFramework.java:245)
	at com.thoughtworks.go.plugin.infra.DefaultPluginManager.submitTo(DefaultPluginManager.java:161)
	at com.thoughtworks.go.plugin.access.PluginRequestHelper.submitRequest(PluginRequestHelper.java:32)
	at com.thoughtworks.go.plugin.access.configrepo.ConfigRepoExtension.parseDirectory(ConfigRepoExtension.java:55)
	at com.thoughtworks.go.config.ConfigRepoPlugin.parseDirectory(ConfigRepoPlugin.java:56)
	at com.thoughtworks.go.config.ConfigRepoPlugin.load(ConfigRepoPlugin.java:46)
	at com.thoughtworks.go.config.GoRepoConfigDataSource.onCheckoutComplete(GoRepoConfigDataSource.java:142)
	at com.thoughtworks.go.server.materials.ConfigMaterialUpdater.updateConfigurationFromCheckout(ConfigMaterialUpdater.java:115)
	at com.thoughtworks.go.server.materials.ConfigMaterialUpdater.onMessage(ConfigMaterialUpdater.java:95)
	at com.thoughtworks.go.server.materials.ConfigMaterialUpdater.onMessage(ConfigMaterialUpdater.java:39)
	at com.thoughtworks.go.server.messaging.activemq.JMSMessageListenerAdapter.runImpl(JMSMessageListenerAdapter.java:73)
	at com.thoughtworks.go.server.messaging.activemq.JMSMessageListenerAdapter.run(JMSMessageListenerAdapter.java:53)
	at java.lang.Thread.run(Thread.java:748)
